<?xml version="1.0" encoding="UTF-8"?>
<testsuite xmlns:xsi="http://www.w3.org/2001/XMLSchema-instance" xsi:noNamespaceSchemaLocation="https://maven.apache.org/surefire/maven-surefire-plugin/xsd/surefire-test-report-3.0.xsd" version="3.0" name="com.ecs160.hw1.BasicAnalyzerTest" time="0.039" tests="5" errors="0" skipped="0" failures="0">
  <properties>
    <property name="java.specification.version" value="23"/>
    <property name="sun.jnu.encoding" value="UTF-8"/>
    <property name="java.class.path" value="/Users/patricknguyen/Desktop/ECS-160-WQ-25/HW 1/target/test-classes:/Users/patricknguyen/Desktop/ECS-160-WQ-25/HW 1/target/classes:/Users/patricknguyen/.m2/repository/com/google/code/gson/gson/2.10.1/gson-2.10.1.jar:/Users/patricknguyen/.m2/repository/org/slf4j/slf4j-simple/1.7.36/slf4j-simple-1.7.36.jar:/Users/patricknguyen/.m2/repository/org/slf4j/slf4j-api/1.7.36/slf4j-api-1.7.36.jar:/Users/patricknguyen/.m2/repository/commons-cli/commons-cli/1.5.0/commons-cli-1.5.0.jar:/Users/patricknguyen/.m2/repository/junit/junit/4.13.2/junit-4.13.2.jar:/Users/patricknguyen/.m2/repository/org/hamcrest/hamcrest-core/1.3/hamcrest-core-1.3.jar:/Users/patricknguyen/.m2/repository/redis/clients/jedis/5.1.0/jedis-5.1.0.jar:/Users/patricknguyen/.m2/repository/org/apache/commons/commons-pool2/2.12.0/commons-pool2-2.12.0.jar:/Users/patricknguyen/.m2/repository/org/json/json/20231013/json-20231013.jar:"/>
    <property name="java.vm.vendor" value="Homebrew"/>
    <property name="sun.arch.data.model" value="64"/>
    <property name="java.vendor.url" value="https://github.com/Homebrew/homebrew-core/issues"/>
    <property name="os.name" value="Mac OS X"/>
    <property name="java.vm.specification.version" value="23"/>
    <property name="sun.java.launcher" value="SUN_STANDARD"/>
    <property name="user.country" value="US"/>
    <property name="sun.boot.library.path" value="/opt/homebrew/Cellar/openjdk/23.0.2/libexec/openjdk.jdk/Contents/Home/lib"/>
    <property name="sun.java.command" value="/Users/patricknguyen/Desktop/ECS-160-WQ-25/HW 1/target/surefire/surefirebooter-20250131142143043_3.jar /Users/patricknguyen/Desktop/ECS-160-WQ-25/HW 1/target/surefire 2025-01-31T14-21-42_993-jvmRun1 surefire-20250131142143043_1tmp surefire_0-20250131142143043_2tmp"/>
    <property name="http.nonProxyHosts" value="local|*.local|169.254/16|*.169.254/16"/>
    <property name="jdk.debug" value="release"/>
    <property name="surefire.test.class.path" value="/Users/patricknguyen/Desktop/ECS-160-WQ-25/HW 1/target/test-classes:/Users/patricknguyen/Desktop/ECS-160-WQ-25/HW 1/target/classes:/Users/patricknguyen/.m2/repository/com/google/code/gson/gson/2.10.1/gson-2.10.1.jar:/Users/patricknguyen/.m2/repository/org/slf4j/slf4j-simple/1.7.36/slf4j-simple-1.7.36.jar:/Users/patricknguyen/.m2/repository/org/slf4j/slf4j-api/1.7.36/slf4j-api-1.7.36.jar:/Users/patricknguyen/.m2/repository/commons-cli/commons-cli/1.5.0/commons-cli-1.5.0.jar:/Users/patricknguyen/.m2/repository/junit/junit/4.13.2/junit-4.13.2.jar:/Users/patricknguyen/.m2/repository/org/hamcrest/hamcrest-core/1.3/hamcrest-core-1.3.jar:/Users/patricknguyen/.m2/repository/redis/clients/jedis/5.1.0/jedis-5.1.0.jar:/Users/patricknguyen/.m2/repository/org/apache/commons/commons-pool2/2.12.0/commons-pool2-2.12.0.jar:/Users/patricknguyen/.m2/repository/org/json/json/20231013/json-20231013.jar:"/>
    <property name="sun.cpu.endian" value="little"/>
    <property name="user.home" value="/Users/patricknguyen"/>
    <property name="user.language" value="en"/>
    <property name="java.specification.vendor" value="Oracle Corporation"/>
    <property name="java.version.date" value="2025-01-21"/>
    <property name="java.home" value="/opt/homebrew/Cellar/openjdk/23.0.2/libexec/openjdk.jdk/Contents/Home"/>
    <property name="file.separator" value="/"/>
    <property name="basedir" value="/Users/patricknguyen/Desktop/ECS-160-WQ-25/HW 1"/>
    <property name="java.vm.compressedOopsMode" value="Zero based"/>
    <property name="line.separator" value="&#10;"/>
    <property name="java.vm.specification.vendor" value="Oracle Corporation"/>
    <property name="java.specification.name" value="Java Platform API Specification"/>
    <property name="apple.awt.application.name" value="ForkedBooter"/>
    <property name="surefire.real.class.path" value="/Users/patricknguyen/Desktop/ECS-160-WQ-25/HW 1/target/surefire/surefirebooter-20250131142143043_3.jar"/>
    <property name="sun.management.compiler" value="HotSpot 64-Bit Tiered Compilers"/>
    <property name="ftp.nonProxyHosts" value="local|*.local|169.254/16|*.169.254/16"/>
    <property name="java.runtime.version" value="23.0.2"/>
    <property name="user.name" value="patricknguyen"/>
    <property name="stdout.encoding" value="UTF-8"/>
    <property name="path.separator" value=":"/>
    <property name="os.version" value="14.7.1"/>
    <property name="java.runtime.name" value="OpenJDK Runtime Environment"/>
    <property name="file.encoding" value="UTF-8"/>
    <property name="java.vm.name" value="OpenJDK 64-Bit Server VM"/>
    <property name="java.vendor.version" value="Homebrew"/>
    <property name="localRepository" value="/Users/patricknguyen/.m2/repository"/>
    <property name="java.vendor.url.bug" value="https://github.com/Homebrew/homebrew-core/issues"/>
    <property name="java.io.tmpdir" value="/var/folders/j3/tqvr66bd1854gt1g5x99r9v80000gn/T/"/>
    <property name="java.version" value="23.0.2"/>
    <property name="user.dir" value="/Users/patricknguyen/Desktop/ECS-160-WQ-25/HW 1"/>
    <property name="os.arch" value="aarch64"/>
    <property name="java.vm.specification.name" value="Java Virtual Machine Specification"/>
    <property name="native.encoding" value="UTF-8"/>
    <property name="java.library.path" value="/Users/patricknguyen/Library/Java/Extensions:/Library/Java/Extensions:/Network/Library/Java/Extensions:/System/Library/Java/Extensions:/usr/lib/java:."/>
    <property name="java.vm.info" value="mixed mode, sharing"/>
    <property name="stderr.encoding" value="UTF-8"/>
    <property name="java.vendor" value="Homebrew"/>
    <property name="java.vm.version" value="23.0.2"/>
    <property name="sun.io.unicode.encoding" value="UnicodeBig"/>
    <property name="socksNonProxyHosts" value="local|*.local|169.254/16|*.169.254/16"/>
    <property name="java.class.version" value="67.0"/>
  </properties>
  <testcase name="testEmptyPosts" classname="com.ecs160.hw1.BasicAnalyzerTest" time="0.013">
    <system-out><![CDATA[Total posts: 0
Average number of replies per post: NaN
Average duration between replies: 00:00:00
]]></system-out>
  </testcase>
  <testcase name="testMultiplePostsWithReplies" classname="com.ecs160.hw1.BasicAnalyzerTest" time="0.002">
    <system-out><![CDATA[Total posts: 2
Average number of replies per post: 1.50
Average duration between replies: 00:30:00
]]></system-out>
  </testcase>
  <testcase name="testPostWithReplies" classname="com.ecs160.hw1.BasicAnalyzerTest" time="0.001">
    <system-out><![CDATA[Total posts: 1
Average number of replies per post: 2.00
Average duration between replies: 00:30:00
]]></system-out>
  </testcase>
  <testcase name="testSinglePostNoReplies" classname="com.ecs160.hw1.BasicAnalyzerTest" time="0">
    <system-out><![CDATA[Total posts: 1
Average number of replies per post: 0.00
Average duration between replies: 00:00:00
]]></system-out>
  </testcase>
  <testcase name="testPostWithTimestampedReplies" classname="com.ecs160.hw1.BasicAnalyzerTest" time="0">
    <system-out><![CDATA[Total posts: 1
Average number of replies per post: 3.00
Average duration between replies: 00:22:30
]]></system-out>
  </testcase>
</testsuite>